New log file opened at Wed Sep 14 17:12:17 CEST 2016 by 16293@ubuntu
jvm 16293@ubuntu
jvm vmName=Java HotSpot(TM) Server VM vmVendor=Oracle Corporation vmVersion=25.101-b13
jvm specName=Java Virtual Machine Specification specVendor=Oracle Corporation specVersion=1.8
jvm arguments: [-Xms256m, -Xmx1024m, -XX:MetaspaceSize=64m, -XX:MaxMetaspaceSize=256m]
Starting event engine
Starting sbt command engine
Waiting for sbt command engine
Command engine arguments=List()
Command engine baseDirectory=/home/alex/newdisk/play-java-2.3
Command engine initial remaining commands List(--initialize, onFailure load-failed, boot, server-send-ready-for-request, server-handle-next-server-request)
> --initialize
> initialize
> onFailure load-failed
> boot
> reload
[Loading] Scanning directory /home/alex/newdisk/play-java-2.3/project
[Loading] Found non-root projects 
[Loading] Done in /home/alex/newdisk/play-java-2.3/project, returning: ()
deducing auto plugins based on known facts Set(Atom(sbt.plugins.CorePlugin)) and clauses Clauses(List(Clause(Atom(sbt.plugins.JvmPlugin),Set(Atom(sbt.plugins.IvyPlugin))), Clause(Atom(sbt.plugins.JUnitXmlReportPlugin),Set(Atom(sbt.plugins.JvmPlugin))), Clause(Atom(sbt.plugins.CorePlugin),Set(Atom(sbt.plugins.IvyPlugin))), Clause(Atom(sbt.plugins.IvyPlugin),Set(Atom(sbt.plugins.JvmPlugin))), Clause(Atom(sbt.plugins.JvmPlugin),Set(Atom(sbt.plugins.JUnitXmlReportPlugin)))))
  :: deduced result: Matched(sbt.plugins.CorePlugin,sbt.plugins.IvyPlugin,sbt.plugins.JvmPlugin,sbt.plugins.JUnitXmlReportPlugin)
sorting: ns: List(sbt.plugins.CorePlugin, sbt.plugins.IvyPlugin, sbt.plugins.JvmPlugin, sbt.plugins.JUnitXmlReportPlugin)
  :: sorting:: found: List(sbt.plugins.CorePlugin) not found List(sbt.plugins.IvyPlugin, sbt.plugins.JvmPlugin, sbt.plugins.JUnitXmlReportPlugin)
  :: sorting:: found: List(sbt.plugins.CorePlugin, sbt.plugins.IvyPlugin) not found List(sbt.plugins.JvmPlugin, sbt.plugins.JUnitXmlReportPlugin)
  :: sorting:: found: List(sbt.plugins.CorePlugin, sbt.plugins.IvyPlugin, sbt.plugins.JvmPlugin) not found List(sbt.plugins.JUnitXmlReportPlugin)
  :: sorting:: found: List(sbt.plugins.CorePlugin, sbt.plugins.IvyPlugin, sbt.plugins.JvmPlugin, sbt.plugins.JUnitXmlReportPlugin) not found List()
  :: sorted deduced result: List(sbt.plugins.CorePlugin, sbt.plugins.IvyPlugin, sbt.plugins.JvmPlugin, sbt.plugins.JUnitXmlReportPlugin)
[Loading] Done in /home/alex/newdisk/play-java-2.3/project, returning: (play-java-2-3-build)
Loading project definition from /home/alex/newdisk/play-java-2.3/project
Running task... Cancel: sbt.TaskCancellationStrategy$Null$@127c69f, check cycles: false

Initial source changes: 
	removed:Set()
	added: Set()
	modified: Set()
Removed products: Set()
External API changes: API Changes: Set()
Modified binary dependencies: Set()
Initial directly invalidated sources: Set()

Sources indirectly invalidated by:
	product: Set()
	binary dep: Set()
	external source: Set()
All initially invalidated sources: Set()

Copy resource mappings: 
	
[Loading] Scanning directory /home/alex/newdisk/play-java-2.3
[Loading] Found root project root w/ remaining 
deducing auto plugins based on known facts Set(Atom(play.PlayJava), Atom(sbt.plugins.CorePlugin)) and clauses Clauses(List(Clause(Atom(sbt.plugins.JvmPlugin),Set(Atom(sbt.plugins.IvyPlugin))), Clause(Atom(sbt.plugins.JUnitXmlReportPlugin),Set(Atom(sbt.plugins.JvmPlugin))), Clause(Atom(play.sbt.forkrun.PlayForkRun),Set(Atom(sbt.plugins.BackgroundRunPlugin))), Clause(Atom(play.sbt.forkrun.PlayForkRun),Set(Atom(play.Play))), Clause(Atom(play.sbt.forkrun.PlayForkRun),Set(Atom(sbt.plugins.SerializersPlugin))), Clause(Atom(play.Play),Set(Atom(com.typesafe.sbt.webdriver.SbtWebDriver))), Clause(Atom(play.Play),Set(Atom(play.twirl.sbt.SbtTwirl))), Clause(Atom(play.Play),Set(Atom(com.typesafe.sbt.jse.SbtJsTask))), Clause(Atom(play.PlayJava),Set(Atom(play.Play))), Clause(Atom(play.PlayScala),Set(Atom(play.Play))), Clause(Atom(play.twirl.sbt.SbtTwirl),Set(Atom(sbt.plugins.JvmPlugin))), Clause(Atom(com.typesafe.sbt.jse.SbtJsEngine),Set(Atom(com.typesafe.sbt.web.SbtWeb))), Clause(Atom(com.typesafe.sbt.jse.SbtJsTask),Set(Atom(com.typesafe.sbt.jse.SbtJsEngine))), Clause(Atom(com.typesafe.sbt.webdriver.SbtWebDriver),Set(Atom(com.typesafe.sbt.web.SbtWeb))), Clause(Atom(sbt.plugins.BackgroundRunPlugin),Set(Atom(sbt.plugins.JvmPlugin))), Clause(Atom(com.typesafe.sbt.coffeescript.SbtCoffeeScript),Set(Atom(com.typesafe.sbt.jse.SbtJsTask))), Clause(Atom(com.typesafe.sbt.less.SbtLess),Set(Atom(com.typesafe.sbt.jse.SbtJsTask))), Clause(Atom(com.typesafe.sbt.jshint.SbtJSHint),Set(Atom(com.typesafe.sbt.jse.SbtJsTask))), Clause(Atom(com.typesafe.sbt.rjs.SbtRjs),Set(Atom(com.typesafe.sbt.jse.SbtJsTask))), Clause(Atom(com.typesafe.sbt.digest.SbtDigest),Set(Atom(com.typesafe.sbt.web.SbtWeb))), Clause(Atom(com.typesafe.sbt.mocha.SbtMocha),Set(Atom(com.typesafe.sbt.jse.SbtJsTask))), Clause(Atom(sbt.plugins.CorePlugin),Set(Atom(sbt.plugins.IvyPlugin))), Clause(Atom(sbt.plugins.IvyPlugin),Set(Atom(sbt.plugins.JvmPlugin))), Clause(Atom(sbt.plugins.JvmPlugin),Set(Atom(sbt.plugins.JUnitXmlReportPlugin))), Clause(And(Set(Atom(sbt.plugins.BackgroundRunPlugin), Atom(play.Play), Atom(sbt.plugins.SerializersPlugin))),Set(Atom(play.sbt.forkrun.PlayForkRun))), Clause(Atom(com.typesafe.sbt.web.SbtWeb),Set(Atom(com.typesafe.sbt.jse.SbtJsEngine))), Clause(Atom(com.typesafe.sbt.jse.SbtJsEngine),Set(Atom(com.typesafe.sbt.jse.SbtJsTask))), Clause(Atom(com.typesafe.sbt.web.SbtWeb),Set(Atom(com.typesafe.sbt.webdriver.SbtWebDriver))), Clause(Atom(sbt.plugins.JvmPlugin),Set(Atom(sbt.plugins.BackgroundRunPlugin))), Clause(Atom(sbt.plugins.CorePlugin),Set(Atom(sbt.plugins.InteractionServicePlugin))), Clause(Atom(sbt.plugins.CorePlugin),Set(Atom(sbt.plugins.SendEventServicePlugin))), Clause(Atom(sbt.plugins.CorePlugin),Set(Atom(sbt.plugins.SerializersPlugin))), Clause(Atom(com.typesafe.sbt.jse.SbtJsTask),Set(Atom(com.typesafe.sbt.coffeescript.SbtCoffeeScript))), Clause(Atom(com.typesafe.sbt.jse.SbtJsTask),Set(Atom(com.typesafe.sbt.less.SbtLess))), Clause(Atom(com.typesafe.sbt.jse.SbtJsTask),Set(Atom(com.typesafe.sbt.jshint.SbtJSHint))), Clause(Atom(com.typesafe.sbt.jse.SbtJsTask),Set(Atom(com.typesafe.sbt.rjs.SbtRjs))), Clause(Atom(com.typesafe.sbt.web.SbtWeb),Set(Atom(com.typesafe.sbt.digest.SbtDigest))), Clause(Atom(com.typesafe.sbt.jse.SbtJsTask),Set(Atom(com.typesafe.sbt.mocha.SbtMocha)))))
  :: deduced result: Matched(sbt.plugins.CorePlugin,play.PlayJava,sbt.plugins.InteractionServicePlugin,sbt.plugins.SendEventServicePlugin,play.Play,sbt.plugins.SerializersPlugin,sbt.plugins.IvyPlugin,sbt.plugins.JvmPlugin,com.typesafe.sbt.jse.SbtJsTask,play.twirl.sbt.SbtTwirl,com.typesafe.sbt.webdriver.SbtWebDriver,com.typesafe.sbt.jshint.SbtJSHint,sbt.plugins.JUnitXmlReportPlugin,com.typesafe.sbt.mocha.SbtMocha,com.typesafe.sbt.less.SbtLess,com.typesafe.sbt.web.SbtWeb,com.typesafe.sbt.rjs.SbtRjs,com.typesafe.sbt.jse.SbtJsEngine,com.typesafe.sbt.coffeescript.SbtCoffeeScript,sbt.plugins.BackgroundRunPlugin,com.typesafe.sbt.digest.SbtDigest,play.sbt.forkrun.PlayForkRun)
sorting: ns: List(sbt.plugins.CorePlugin, play.PlayJava, sbt.plugins.InteractionServicePlugin, sbt.plugins.SendEventServicePlugin, play.Play, sbt.plugins.SerializersPlugin, sbt.plugins.IvyPlugin, sbt.plugins.JvmPlugin, com.typesafe.sbt.jse.SbtJsTask, play.twirl.sbt.SbtTwirl, com.typesafe.sbt.webdriver.SbtWebDriver, com.typesafe.sbt.jshint.SbtJSHint, sbt.plugins.JUnitXmlReportPlugin, com.typesafe.sbt.mocha.SbtMocha, com.typesafe.sbt.less.SbtLess, com.typesafe.sbt.web.SbtWeb, com.typesafe.sbt.rjs.SbtRjs, com.typesafe.sbt.jse.SbtJsEngine, com.typesafe.sbt.coffeescript.SbtCoffeeScript, sbt.plugins.BackgroundRunPlugin, com.typesafe.sbt.digest.SbtDigest, play.sbt.forkrun.PlayForkRun)
  :: sorting:: found: List(sbt.plugins.CorePlugin, com.typesafe.sbt.web.SbtWeb) not found List(play.PlayJava, sbt.plugins.InteractionServicePlugin, sbt.plugins.SendEventServicePlugin, play.Play, sbt.plugins.SerializersPlugin, sbt.plugins.IvyPlugin, sbt.plugins.JvmPlugin, com.typesafe.sbt.jse.SbtJsTask, play.twirl.sbt.SbtTwirl, com.typesafe.sbt.webdriver.SbtWebDriver, com.typesafe.sbt.jshint.SbtJSHint, sbt.plugins.JUnitXmlReportPlugin, com.typesafe.sbt.mocha.SbtMocha, com.typesafe.sbt.less.SbtLess, com.typesafe.sbt.rjs.SbtRjs, com.typesafe.sbt.jse.SbtJsEngine, com.typesafe.sbt.coffeescript.SbtCoffeeScript, sbt.plugins.BackgroundRunPlugin, com.typesafe.sbt.digest.SbtDigest, play.sbt.forkrun.PlayForkRun)
  :: sorting:: found: List(sbt.plugins.CorePlugin, com.typesafe.sbt.web.SbtWeb, sbt.plugins.InteractionServicePlugin, sbt.plugins.SendEventServicePlugin, sbt.plugins.SerializersPlugin, sbt.plugins.IvyPlugin, com.typesafe.sbt.webdriver.SbtWebDriver, com.typesafe.sbt.jse.SbtJsEngine, com.typesafe.sbt.digest.SbtDigest) not found List(play.PlayJava, play.Play, sbt.plugins.JvmPlugin, com.typesafe.sbt.jse.SbtJsTask, play.twirl.sbt.SbtTwirl, com.typesafe.sbt.jshint.SbtJSHint, sbt.plugins.JUnitXmlReportPlugin, com.typesafe.sbt.mocha.SbtMocha, com.typesafe.sbt.less.SbtLess, com.typesafe.sbt.rjs.SbtRjs, com.typesafe.sbt.coffeescript.SbtCoffeeScript, sbt.plugins.BackgroundRunPlugin, play.sbt.forkrun.PlayForkRun)
  :: sorting:: found: List(sbt.plugins.CorePlugin, com.typesafe.sbt.web.SbtWeb, sbt.plugins.InteractionServicePlugin, sbt.plugins.SendEventServicePlugin, sbt.plugins.SerializersPlugin, sbt.plugins.IvyPlugin, com.typesafe.sbt.webdriver.SbtWebDriver, com.typesafe.sbt.jse.SbtJsEngine, com.typesafe.sbt.digest.SbtDigest, sbt.plugins.JvmPlugin, com.typesafe.sbt.jse.SbtJsTask) not found List(play.PlayJava, play.Play, play.twirl.sbt.SbtTwirl, com.typesafe.sbt.jshint.SbtJSHint, sbt.plugins.JUnitXmlReportPlugin, com.typesafe.sbt.mocha.SbtMocha, com.typesafe.sbt.less.SbtLess, com.typesafe.sbt.rjs.SbtRjs, com.typesafe.sbt.coffeescript.SbtCoffeeScript, sbt.plugins.BackgroundRunPlugin, play.sbt.forkrun.PlayForkRun)
  :: sorting:: found: List(sbt.plugins.CorePlugin, com.typesafe.sbt.web.SbtWeb, sbt.plugins.InteractionServicePlugin, sbt.plugins.SendEventServicePlugin, sbt.plugins.SerializersPlugin, sbt.plugins.IvyPlugin, com.typesafe.sbt.webdriver.SbtWebDriver, com.typesafe.sbt.jse.SbtJsEngine, com.typesafe.sbt.digest.SbtDigest, sbt.plugins.JvmPlugin, com.typesafe.sbt.jse.SbtJsTask, play.twirl.sbt.SbtTwirl, com.typesafe.sbt.jshint.SbtJSHint, sbt.plugins.JUnitXmlReportPlugin, com.typesafe.sbt.mocha.SbtMocha, com.typesafe.sbt.less.SbtLess, com.typesafe.sbt.rjs.SbtRjs, com.typesafe.sbt.coffeescript.SbtCoffeeScript, sbt.plugins.BackgroundRunPlugin) not found List(play.PlayJava, play.Play, play.sbt.forkrun.PlayForkRun)
  :: sorting:: found: List(sbt.plugins.CorePlugin, com.typesafe.sbt.web.SbtWeb, sbt.plugins.InteractionServicePlugin, sbt.plugins.SendEventServicePlugin, sbt.plugins.SerializersPlugin, sbt.plugins.IvyPlugin, com.typesafe.sbt.webdriver.SbtWebDriver, com.typesafe.sbt.jse.SbtJsEngine, com.typesafe.sbt.digest.SbtDigest, sbt.plugins.JvmPlugin, com.typesafe.sbt.jse.SbtJsTask, play.twirl.sbt.SbtTwirl, com.typesafe.sbt.jshint.SbtJSHint, sbt.plugins.JUnitXmlReportPlugin, com.typesafe.sbt.mocha.SbtMocha, com.typesafe.sbt.less.SbtLess, com.typesafe.sbt.rjs.SbtRjs, com.typesafe.sbt.coffeescript.SbtCoffeeScript, sbt.plugins.BackgroundRunPlugin, play.Play) not found List(play.PlayJava, play.sbt.forkrun.PlayForkRun)
  :: sorting:: found: List(sbt.plugins.CorePlugin, com.typesafe.sbt.web.SbtWeb, sbt.plugins.InteractionServicePlugin, sbt.plugins.SendEventServicePlugin, sbt.plugins.SerializersPlugin, sbt.plugins.IvyPlugin, com.typesafe.sbt.webdriver.SbtWebDriver, com.typesafe.sbt.jse.SbtJsEngine, com.typesafe.sbt.digest.SbtDigest, sbt.plugins.JvmPlugin, com.typesafe.sbt.jse.SbtJsTask, play.twirl.sbt.SbtTwirl, com.typesafe.sbt.jshint.SbtJSHint, sbt.plugins.JUnitXmlReportPlugin, com.typesafe.sbt.mocha.SbtMocha, com.typesafe.sbt.less.SbtLess, com.typesafe.sbt.rjs.SbtRjs, com.typesafe.sbt.coffeescript.SbtCoffeeScript, sbt.plugins.BackgroundRunPlugin, play.Play, play.PlayJava, play.sbt.forkrun.PlayForkRun) not found List()
  :: sorted deduced result: List(sbt.plugins.CorePlugin, com.typesafe.sbt.web.SbtWeb, sbt.plugins.InteractionServicePlugin, sbt.plugins.SendEventServicePlugin, sbt.plugins.SerializersPlugin, sbt.plugins.IvyPlugin, com.typesafe.sbt.webdriver.SbtWebDriver, com.typesafe.sbt.jse.SbtJsEngine, com.typesafe.sbt.digest.SbtDigest, sbt.plugins.JvmPlugin, com.typesafe.sbt.jse.SbtJsTask, play.twirl.sbt.SbtTwirl, com.typesafe.sbt.jshint.SbtJSHint, sbt.plugins.JUnitXmlReportPlugin, com.typesafe.sbt.mocha.SbtMocha, com.typesafe.sbt.less.SbtLess, com.typesafe.sbt.rjs.SbtRjs, com.typesafe.sbt.coffeescript.SbtCoffeeScript, sbt.plugins.BackgroundRunPlugin, play.Play, play.PlayJava, play.sbt.forkrun.PlayForkRun)
[Loading] Done in /home/alex/newdisk/play-java-2.3, returning: (root)
Set current project to play-java-2.3 (in build file:/home/alex/newdisk/play-java-2.3/)
Reapplying settings...
Set current project to play-java-2.3 (in build file:/home/alex/newdisk/play-java-2.3/)
> iflast shell
> server-send-ready-for-request
> server-handle-next-server-request
> {file:/home/alex/newdisk/play-java-2.3/}root/compile:mainClass
Evaluating tasks: compile:mainClass
Running task... Cancel: sbt.server.ServerTaskCancellation@d2ed26, check cycles: false
Total time: 0 s, completed Sep 14, 2016 5:12:21 PM
> server-post-command-cleanup
> server-handle-next-server-request
> {file:/home/alex/newdisk/play-java-2.3/}root/compile:discoveredMainClasses
Evaluating tasks: compile:discoveredMainClasses
Running task... Cancel: sbt.server.ServerTaskCancellation@922ee3, check cycles: false

Initial source changes: 
	removed:Set()
	added: Set()
	modified: Set(/home/alex/newdisk/play-java-2.3/target/scala-2.11/twirl/main/views/html/common/sidebar.template.scala, /home/alex/newdisk/play-java-2.3/target/scala-2.11/twirl/main/views/html/strategytemplate/strategyhtml.template.scala, /home/alex/newdisk/play-java-2.3/target/scala-2.11/twirl/main/views/html/index.template.scala, /home/alex/newdisk/play-java-2.3/target/scala-2.11/twirl/main/views/html/patterntemplate/patternlist.template.scala, /home/alex/newdisk/play-java-2.3/target/scala-2.11/twirl/main/views/html/authtemplate/registerpage.template.scala, /home/alex/newdisk/play-java-2.3/target/scala-2.11/twirl/main/views/html/common/header.template.scala, /home/alex/newdisk/play-java-2.3/target/scala-2.11/twirl/main/views/html/authtemplate/_loginform.template.scala, /home/alex/newdisk/play-java-2.3/target/scala-2.11/twirl/main/views/html/authtemplate/_loginheader.template.scala, /home/alex/newdisk/play-java-2.3/target/scala-2.11/twirl/main/views/html/common/footer.template.scala, /home/alex/newdisk/play-java-2.3/target/scala-2.11/twirl/main/views/html/strategytemplate/strategyres.template.scala, /home/alex/newdisk/play-java-2.3/target/scala-2.11/twirl/main/views/html/patterntemplate/patternsidebar.template.scala, /home/alex/newdisk/play-java-2.3/target/scala-2.11/twirl/main/views/html/patterntemplate/_addpatternform.template.scala, /home/alex/newdisk/play-java-2.3/target/scala-2.11/twirl/main/views/html/authtemplate/loginpage.template.scala, /home/alex/newdisk/play-java-2.3/target/scala-2.11/twirl/main/views/html/authtemplate/_registerform.template.scala, /home/alex/newdisk/play-java-2.3/target/scala-2.11/twirl/main/views/html/patterntemplate/addpattern.template.scala, /home/alex/newdisk/play-java-2.3/target/scala-2.11/twirl/main/views/html/common/main.template.scala)
Removed products: Set()
External API changes: API Changes: Set()
Modified binary dependencies: Set()
Initial directly invalidated sources: Set(/home/alex/newdisk/play-java-2.3/target/scala-2.11/twirl/main/views/html/common/sidebar.template.scala, /home/alex/newdisk/play-java-2.3/target/scala-2.11/twirl/main/views/html/strategytemplate/strategyhtml.template.scala, /home/alex/newdisk/play-java-2.3/target/scala-2.11/twirl/main/views/html/index.template.scala, /home/alex/newdisk/play-java-2.3/target/scala-2.11/twirl/main/views/html/patterntemplate/patternlist.template.scala, /home/alex/newdisk/play-java-2.3/target/scala-2.11/twirl/main/views/html/authtemplate/registerpage.template.scala, /home/alex/newdisk/play-java-2.3/target/scala-2.11/twirl/main/views/html/common/header.template.scala, /home/alex/newdisk/play-java-2.3/target/scala-2.11/twirl/main/views/html/authtemplate/_loginform.template.scala, /home/alex/newdisk/play-java-2.3/target/scala-2.11/twirl/main/views/html/authtemplate/_loginheader.template.scala, /home/alex/newdisk/play-java-2.3/target/scala-2.11/twirl/main/views/html/common/footer.template.scala, /home/alex/newdisk/play-java-2.3/target/scala-2.11/twirl/main/views/html/strategytemplate/strategyres.template.scala, /home/alex/newdisk/play-java-2.3/target/scala-2.11/twirl/main/views/html/patterntemplate/patternsidebar.template.scala, /home/alex/newdisk/play-java-2.3/target/scala-2.11/twirl/main/views/html/patterntemplate/_addpatternform.template.scala, /home/alex/newdisk/play-java-2.3/target/scala-2.11/twirl/main/views/html/authtemplate/loginpage.template.scala, /home/alex/newdisk/play-java-2.3/target/scala-2.11/twirl/main/views/html/authtemplate/_registerform.template.scala, /home/alex/newdisk/play-java-2.3/target/scala-2.11/twirl/main/views/html/patterntemplate/addpattern.template.scala, /home/alex/newdisk/play-java-2.3/target/scala-2.11/twirl/main/views/html/common/main.template.scala)

Sources indirectly invalidated by:
	product: Set()
	binary dep: Set()
	external source: Set()
All initially invalidated sources: Set(/home/alex/newdisk/play-java-2.3/target/scala-2.11/twirl/main/views/html/common/sidebar.template.scala, /home/alex/newdisk/play-java-2.3/target/scala-2.11/twirl/main/views/html/strategytemplate/strategyhtml.template.scala, /home/alex/newdisk/play-java-2.3/target/scala-2.11/twirl/main/views/html/index.template.scala, /home/alex/newdisk/play-java-2.3/target/scala-2.11/twirl/main/views/html/patterntemplate/patternlist.template.scala, /home/alex/newdisk/play-java-2.3/target/scala-2.11/twirl/main/views/html/authtemplate/registerpage.template.scala, /home/alex/newdisk/play-java-2.3/target/scala-2.11/twirl/main/views/html/common/header.template.scala, /home/alex/newdisk/play-java-2.3/target/scala-2.11/twirl/main/views/html/authtemplate/_loginform.template.scala, /home/alex/newdisk/play-java-2.3/target/scala-2.11/twirl/main/views/html/authtemplate/_loginheader.template.scala, /home/alex/newdisk/play-java-2.3/target/scala-2.11/twirl/main/views/html/common/footer.template.scala, /home/alex/newdisk/play-java-2.3/target/scala-2.11/twirl/main/views/html/strategytemplate/strategyres.template.scala, /home/alex/newdisk/play-java-2.3/target/scala-2.11/twirl/main/views/html/patterntemplate/patternsidebar.template.scala, /home/alex/newdisk/play-java-2.3/target/scala-2.11/twirl/main/views/html/patterntemplate/_addpatternform.template.scala, /home/alex/newdisk/play-java-2.3/target/scala-2.11/twirl/main/views/html/authtemplate/loginpage.template.scala, /home/alex/newdisk/play-java-2.3/target/scala-2.11/twirl/main/views/html/authtemplate/_registerform.template.scala, /home/alex/newdisk/play-java-2.3/target/scala-2.11/twirl/main/views/html/patterntemplate/addpattern.template.scala, /home/alex/newdisk/play-java-2.3/target/scala-2.11/twirl/main/views/html/common/main.template.scala)

Read from stdout: Compiling 16 Scala sources to /home/alex/newdisk/play-java-2.3/target/scala-2.11/classes...
Compiling 16 Scala sources to /home/alex/newdisk/play-java-2.3/target/scala-2.11/classes...
Getting compiler-interface from component compiler for Scala 2.11.6
Other repositories:
Default repositories:
Getting compiler-interface from component compiler for Scala 2.11.6
Other repositories:
Default repositories:
Running cached compiler 3778e9, interfacing (CompilerInterface) with Scala compiler version 2.11.6
Calling Scala compiler with arguments  (CompilerInterface):
	-deprecation
	-unchecked
	-encoding
	utf8
	-bootclasspath
	/usr/lib/jvm/java-8-oracle/jre/lib/resources.jar:/usr/lib/jvm/java-8-oracle/jre/lib/rt.jar:/usr/lib/jvm/java-8-oracle/jre/lib/sunrsasign.jar:/usr/lib/jvm/java-8-oracle/jre/lib/jsse.jar:/usr/lib/jvm/java-8-oracle/jre/lib/jce.jar:/usr/lib/jvm/java-8-oracle/jre/lib/charsets.jar:/usr/lib/jvm/java-8-oracle/jre/lib/jfr.jar:/usr/lib/jvm/java-8-oracle/jre/classes:/home/alex/newdisk/play2/activator-dist-1.3.10/repository/org.scala-lang/scala-library/2.11.6/jars/scala-library.jar
	-classpath
	/home/alex/newdisk/play-java-2.3/target/scala-2.11/classes:/home/alex/newdisk/.ivy2/cache/com.typesafe.play/twirl-api_2.11/jars/twirl-api_2.11-1.0.2.jar:/home/alex/newdisk/.ivy2/cache/org.apache.commons/commons-lang3/jars/commons-lang3-3.1.jar:/home/alex/newdisk/.ivy2/cache/org.scala-lang.modules/scala-xml_2.11/bundles/scala-xml_2.11-1.0.1.jar:/home/alex/newdisk/.ivy2/cache/com.typesafe.play/play_2.11/jars/play_2.11-2.3.10.jar:/home/alex/newdisk/.ivy2/cache/com.typesafe.play/build-link/jars/build-link-2.3.10.jar:/home/alex/newdisk/.ivy2/cache/com.typesafe.play/play-exceptions/jars/play-exceptions-2.3.10.jar:/home/alex/newdisk/.ivy2/cache/com.typesafe.play/play-iteratees_2.11/jars/play-iteratees_2.11-2.3.10.jar:/home/alex/newdisk/.ivy2/cache/org.scala-stm/scala-stm_2.11/jars/scala-stm_2.11-0.7.jar:/home/alex/newdisk/.ivy2/cache/com.typesafe/config/bundles/config-1.2.1.jar:/home/alex/newdisk/.ivy2/cache/com.typesafe.play/play-json_2.11/jars/play-json_2.11-2.3.10.jar:/home/alex/newdisk/.ivy2/cache/com.typesafe.play/play-functional_2.11/jars/play-functional_2.11-2.3.10.jar:/home/alex/newdisk/.ivy2/cache/com.typesafe.play/play-datacommons_2.11/jars/play-datacommons_2.11-2.3.10.jar:/home/alex/newdisk/.ivy2/cache/joda-time/joda-time/jars/joda-time-2.3.jar:/home/alex/newdisk/.ivy2/cache/org.joda/joda-convert/jars/joda-convert-1.6.jar:/home/alex/newdisk/.ivy2/cache/com.fasterxml.jackson.core/jackson-annotations/bundles/jackson-annotations-2.3.2.jar:/home/alex/newdisk/.ivy2/cache/com.fasterxml.jackson.core/jackson-core/bundles/jackson-core-2.3.2.jar:/home/alex/newdisk/.ivy2/cache/com.fasterxml.jackson.core/jackson-databind/bundles/jackson-databind-2.3.2.jar:/home/alex/newdisk/.ivy2/cache/org.scala-lang/scala-reflect/jars/scala-reflect-2.11.1.jar:/home/alex/newdisk/.ivy2/cache/org.scala-lang.modules/scala-parser-combinators_2.11/bundles/scala-parser-combinators_2.11-1.0.1.jar:/home/alex/newdisk/.ivy2/cache/io.netty/netty/bundles/netty-3.9.9.Final.jar:/home/alex/newdisk/.ivy2/cache/com.typesafe.netty/netty-http-pipelining/jars/netty-http-pipelining-1.1.2.jar:/home/alex/newdisk/.ivy2/cache/org.slf4j/slf4j-api/jars/slf4j-api-1.7.6.jar:/home/alex/newdisk/.ivy2/cache/org.slf4j/jul-to-slf4j/jars/jul-to-slf4j-1.7.6.jar:/home/alex/newdisk/.ivy2/cache/org.slf4j/jcl-over-slf4j/jars/jcl-over-slf4j-1.7.6.jar:/home/alex/newdisk/.ivy2/cache/ch.qos.logback/logback-core/jars/logback-core-1.1.1.jar:/home/alex/newdisk/.ivy2/cache/ch.qos.logback/logback-classic/jars/logback-classic-1.1.1.jar:/home/alex/newdisk/.ivy2/cache/com.typesafe.akka/akka-actor_2.11/jars/akka-actor_2.11-2.3.4.jar:/home/alex/newdisk/.ivy2/cache/com.typesafe.akka/akka-slf4j_2.11/jars/akka-slf4j_2.11-2.3.4.jar:/home/alex/newdisk/.ivy2/cache/commons-codec/commons-codec/jars/commons-codec-1.9.jar:/home/alex/newdisk/.ivy2/cache/xerces/xercesImpl/jars/xercesImpl-2.11.0.jar:/home/alex/newdisk/.ivy2/cache/xml-apis/xml-apis/jars/xml-apis-1.4.01.jar:/home/alex/newdisk/.ivy2/cache/javax.transaction/jta/jars/jta-1.1.jar:/home/alex/newdisk/.ivy2/cache/com.typesafe.play/play-java_2.11/jars/play-java_2.11-2.3.10.jar:/home/alex/newdisk/.ivy2/cache/org.yaml/snakeyaml/bundles/snakeyaml-1.13.jar:/home/alex/newdisk/play2/activator-dist-1.3.10/repository/org.hibernate/hibernate-validator/5.0.3.Final/jars/hibernate-validator.jar:/home/alex/newdisk/.ivy2/cache/javax.validation/validation-api/jars/validation-api-1.1.0.Final.jar:/home/alex/newdisk/.ivy2/cache/org.jboss.logging/jboss-logging/jars/jboss-logging-3.2.0.Final.jar:/home/alex/newdisk/play2/activator-dist-1.3.10/repository/com.fasterxml/classmate/1.0.0/bundles/classmate.jar:/home/alex/newdisk/.ivy2/cache/org.springframework/spring-context/jars/spring-context-4.0.3.RELEASE.jar:/home/alex/newdisk/.ivy2/cache/org.springframework/spring-core/jars/spring-core-4.0.3.RELEASE.jar:/home/alex/newdisk/.ivy2/cache/org.springframework/spring-beans/jars/spring-beans-4.0.3.RELEASE.jar:/home/alex/newdisk/play2/activator-dist-1.3.10/repository/org.javassist/javassist/3.19.0-GA/bundles/javassist.jar:/home/alex/newdisk/.ivy2/cache/org.reflections/reflections/jars/reflections-0.9.8.jar:/home/alex/newdisk/.ivy2/cache/com.google.guava/guava/bundles/guava-16.0.1.jar:/home/alex/newdisk/.ivy2/cache/dom4j/dom4j/jars/dom4j-1.6.1.jar:/home/alex/newdisk/play2/activator-dist-1.3.10/repository/com.google.code.findbugs/jsr305/2.0.3/jars/jsr305.jar:/home/alex/newdisk/.ivy2/cache/org.apache.tomcat/tomcat-servlet-api/jars/tomcat-servlet-api-8.0.5.jar:/home/alex/newdisk/.ivy2/cache/org.mindrot/jbcrypt/jars/jbcrypt-0.3m.jar:/home/alex/newdisk/.ivy2/cache/com.typesafe.play.plugins/play-plugins-redis_2.11/jars/play-plugins-redis_2.11-2.3.1.jar:/home/alex/newdisk/.ivy2/cache/biz.source_code/base64coder/bundles/base64coder-2010-12-19.jar:/home/alex/newdisk/.ivy2/cache/com.typesafe.play/play-cache_2.11/jars/play-cache_2.11-2.3.10.jar:/home/alex/newdisk/.ivy2/cache/net.sf.ehcache/ehcache-core/jars/ehcache-core-2.6.8.jar:/home/alex/newdisk/.ivy2/cache/com.typesafe.play.plugins/play-plugins-util_2.11/jars/play-plugins-util_2.11-2.3.0.jar:/home/alex/newdisk/.ivy2/cache/org.sedis/sedis_2.11/jars/sedis_2.11-1.2.2.jar:/home/alex/newdisk/.ivy2/cache/redis.clients/jedis/jars/jedis-2.4.2.jar:/home/alex/newdisk/.ivy2/cache/org.apache.commons/commons-pool2/jars/commons-pool2-2.0.jar:/home/alex/newdisk/.ivy2/cache/mysql/mysql-connector-java/jars/mysql-connector-java-5.1.18.jar:/home/alex/newdisk/.ivy2/cache/com.typesafe.play/play-java-jdbc_2.11/jars/play-java-jdbc_2.11-2.3.10.jar:/home/alex/newdisk/.ivy2/cache/com.typesafe.play/play-jdbc_2.11/jars/play-jdbc_2.11-2.3.10.jar:/home/alex/newdisk/.ivy2/cache/com.jolbox/bonecp/bundles/bonecp-0.8.0.RELEASE.jar:/home/alex/newdisk/play2/activator-dist-1.3.10/repository/com.h2database/h2/1.3.175/jars/h2.jar:/home/alex/newdisk/.ivy2/cache/tyrex/tyrex/jars/tyrex-1.0.1.jar:/home/alex/newdisk/.ivy2/cache/com.typesafe.play/play-java-ebean_2.11/jars/play-java-ebean_2.11-2.3.10.jar:/home/alex/newdisk/.ivy2/cache/org.avaje.ebeanorm/avaje-ebeanorm/jars/avaje-ebeanorm-3.3.4.jar:/home/alex/newdisk/.ivy2/cache/org.avaje.ebeanorm/avaje-ebeanorm-agent/jars/avaje-ebeanorm-agent-3.2.2.jar:/home/alex/newdisk/.ivy2/cache/org.hibernate.javax.persistence/hibernate-jpa-2.0-api/jars/hibernate-jpa-2.0-api-1.0.1.Final.jar:/home/alex/newdisk/.ivy2/cache/com.typesafe.play/play-java-ws_2.11/jars/play-java-ws_2.11-2.3.10.jar:/home/alex/newdisk/.ivy2/cache/com.typesafe.play/play-ws_2.11/jars/play-ws_2.11-2.3.10.jar:/home/alex/newdisk/.ivy2/cache/com.ning/async-http-client/jars/async-http-client-1.8.15.jar:/home/alex/newdisk/.ivy2/cache/oauth.signpost/signpost-core/jars/signpost-core-1.2.1.2.jar:/home/alex/newdisk/.ivy2/cache/oauth.signpost/signpost-commonshttp4/jars/signpost-commonshttp4-1.2.1.2.jar:/home/alex/newdisk/.ivy2/cache/org.apache.httpcomponents/httpcore/jars/httpcore-4.0.1.jar:/home/alex/newdisk/.ivy2/cache/org.apache.httpcomponents/httpclient/jars/httpclient-4.0.1.jar:/home/alex/newdisk/.ivy2/cache/commons-logging/commons-logging/jars/commons-logging-1.1.1.jar:/home/alex/newdisk/.ivy2/cache/com.typesafe.play/filters-helpers_2.11/jars/filters-helpers_2.11-2.3.10.jar
Scala compilation took 3.93963099 s
New invalidations:
	Set()
Initial set of included nodes: Set()
Previously invalidated, but (transitively) depend on new invalidations:
	Set()
All newly invalidated sources after taking into account (previously) recompiled sources:Set()
Total time: 5 s, completed Sep 14, 2016 5:12:26 PM
> server-post-command-cleanup
> server-handle-next-server-request
> {file:/home/alex/newdisk/play-java-2.3/}root/compile:discoveredMainClasses
Evaluating tasks: compile:discoveredMainClasses
Running task... Cancel: sbt.server.ServerTaskCancellation@fbf386, check cycles: false

Initial source changes: 
	removed:Set()
	added: Set()
	modified: Set()
Removed products: Set()
External API changes: API Changes: Set()
Modified binary dependencies: Set()
Initial directly invalidated sources: Set()

Sources indirectly invalidated by:
	product: Set()
	binary dep: Set()
	external source: Set()
All initially invalidated sources: Set()

Total time: 1 s, completed Sep 14, 2016 5:12:27 PM
> server-post-command-cleanup
> server-handle-next-server-request
> {file:/home/alex/newdisk/play-java-2.3/}root/compile:mainClass
Evaluating tasks: compile:mainClass
Running task... Cancel: sbt.server.ServerTaskCancellation@12e9efc, check cycles: false
Total time: 0 s, completed Sep 14, 2016 5:12:27 PM
> server-post-command-cleanup
> server-handle-next-server-request
> eclipse
About to create Eclipse project files for your project(s).
Running task... Cancel: sbt.TaskCancellationStrategy$Null$@127c69f, check cycles: false

Initial source changes: 
	removed:Set()
	added: Set()
	modified: Set()
Removed products: Set()
External API changes: API Changes: Set()
Modified binary dependencies: Set()
Initial directly invalidated sources: Set()

Sources indirectly invalidated by:
	product: Set()
	binary dep: Set()
	external source: Set()
All initially invalidated sources: Set()

Copy resource mappings: 
	(/home/alex/newdisk/play-java-2.3/conf/play.plugins,/home/alex/newdisk/play-java-2.3/target/scala-2.11/classes/play.plugins)
	(/home/alex/newdisk/play-java-2.3/conf/routes,/home/alex/newdisk/play-java-2.3/target/scala-2.11/classes/routes)
	(/home/alex/newdisk/play-java-2.3/conf/evolutions,/home/alex/newdisk/play-java-2.3/target/scala-2.11/classes/evolutions)
	(/home/alex/newdisk/play-java-2.3/conf/application.conf,/home/alex/newdisk/play-java-2.3/target/scala-2.11/classes/application.conf)
	(/home/alex/newdisk/play-java-2.3/conf/evolutions/default,/home/alex/newdisk/play-java-2.3/target/scala-2.11/classes/evolutions/default)
	(/home/alex/newdisk/play-java-2.3/conf/evolutions/default/1.sql,/home/alex/newdisk/play-java-2.3/target/scala-2.11/classes/evolutions/default/1.sql)
Running task... Cancel: sbt.TaskCancellationStrategy$Null$@127c69f, check cycles: false
Running task... Cancel: sbt.TaskCancellationStrategy$Null$@127c69f, check cycles: false
External dependencies for configuration 'test' and withSource 'false' and withJavadoc 'false' and withBundledScalaContainers'true': Success(List(Lib(/home/alex/newdisk/play2/activator-dist-1.3.10/repository/org.scala-lang/scala-library/2.11.6/jars/scala-library.jar), Lib(/home/alex/newdisk/.ivy2/cache/com.typesafe.play/twirl-api_2.11/jars/twirl-api_2.11-1.0.2.jar), Lib(/home/alex/newdisk/.ivy2/cache/org.apache.commons/commons-lang3/jars/commons-lang3-3.1.jar), Lib(/home/alex/newdisk/.ivy2/cache/org.scala-lang.modules/scala-xml_2.11/bundles/scala-xml_2.11-1.0.1.jar), Lib(/home/alex/newdisk/.ivy2/cache/com.typesafe.play/play_2.11/jars/play_2.11-2.3.10.jar), Lib(/home/alex/newdisk/.ivy2/cache/com.typesafe.play/build-link/jars/build-link-2.3.10.jar), Lib(/home/alex/newdisk/.ivy2/cache/com.typesafe.play/play-exceptions/jars/play-exceptions-2.3.10.jar), Lib(/home/alex/newdisk/.ivy2/cache/com.typesafe.play/play-iteratees_2.11/jars/play-iteratees_2.11-2.3.10.jar), Lib(/home/alex/newdisk/.ivy2/cache/org.scala-stm/scala-stm_2.11/jars/scala-stm_2.11-0.7.jar), Lib(/home/alex/newdisk/.ivy2/cache/com.typesafe/config/bundles/config-1.2.1.jar), Lib(/home/alex/newdisk/.ivy2/cache/com.typesafe.play/play-json_2.11/jars/play-json_2.11-2.3.10.jar), Lib(/home/alex/newdisk/.ivy2/cache/com.typesafe.play/play-functional_2.11/jars/play-functional_2.11-2.3.10.jar), Lib(/home/alex/newdisk/.ivy2/cache/com.typesafe.play/play-datacommons_2.11/jars/play-datacommons_2.11-2.3.10.jar), Lib(/home/alex/newdisk/.ivy2/cache/joda-time/joda-time/jars/joda-time-2.3.jar), Lib(/home/alex/newdisk/.ivy2/cache/org.joda/joda-convert/jars/joda-convert-1.6.jar), Lib(/home/alex/newdisk/.ivy2/cache/com.fasterxml.jackson.core/jackson-annotations/bundles/jackson-annotations-2.3.2.jar), Lib(/home/alex/newdisk/.ivy2/cache/com.fasterxml.jackson.core/jackson-core/bundles/jackson-core-2.3.2.jar), Lib(/home/alex/newdisk/.ivy2/cache/com.fasterxml.jackson.core/jackson-databind/bundles/jackson-databind-2.3.2.jar), Lib(/home/alex/newdisk/.ivy2/cache/org.scala-lang/scala-reflect/jars/scala-reflect-2.11.1.jar), Lib(/home/alex/newdisk/.ivy2/cache/org.scala-lang.modules/scala-parser-combinators_2.11/bundles/scala-parser-combinators_2.11-1.0.1.jar), Lib(/home/alex/newdisk/.ivy2/cache/io.netty/netty/bundles/netty-3.9.9.Final.jar), Lib(/home/alex/newdisk/.ivy2/cache/com.typesafe.netty/netty-http-pipelining/jars/netty-http-pipelining-1.1.2.jar), Lib(/home/alex/newdisk/.ivy2/cache/org.slf4j/slf4j-api/jars/slf4j-api-1.7.6.jar), Lib(/home/alex/newdisk/.ivy2/cache/org.slf4j/jul-to-slf4j/jars/jul-to-slf4j-1.7.6.jar), Lib(/home/alex/newdisk/.ivy2/cache/org.slf4j/jcl-over-slf4j/jars/jcl-over-slf4j-1.7.6.jar), Lib(/home/alex/newdisk/.ivy2/cache/ch.qos.logback/logback-core/jars/logback-core-1.1.1.jar), Lib(/home/alex/newdisk/.ivy2/cache/ch.qos.logback/logback-classic/jars/logback-classic-1.1.1.jar), Lib(/home/alex/newdisk/.ivy2/cache/com.typesafe.akka/akka-actor_2.11/jars/akka-actor_2.11-2.3.4.jar), Lib(/home/alex/newdisk/.ivy2/cache/com.typesafe.akka/akka-slf4j_2.11/jars/akka-slf4j_2.11-2.3.4.jar), Lib(/home/alex/newdisk/.ivy2/cache/commons-codec/commons-codec/jars/commons-codec-1.9.jar), Lib(/home/alex/newdisk/.ivy2/cache/xerces/xercesImpl/jars/xercesImpl-2.11.0.jar), Lib(/home/alex/newdisk/.ivy2/cache/xml-apis/xml-apis/jars/xml-apis-1.4.01.jar), Lib(/home/alex/newdisk/.ivy2/cache/javax.transaction/jta/jars/jta-1.1.jar), Lib(/home/alex/newdisk/.ivy2/cache/com.typesafe.play/play-java_2.11/jars/play-java_2.11-2.3.10.jar), Lib(/home/alex/newdisk/.ivy2/cache/org.yaml/snakeyaml/bundles/snakeyaml-1.13.jar), Lib(/home/alex/newdisk/play2/activator-dist-1.3.10/repository/org.hibernate/hibernate-validator/5.0.3.Final/jars/hibernate-validator.jar), Lib(/home/alex/newdisk/.ivy2/cache/javax.validation/validation-api/jars/validation-api-1.1.0.Final.jar), Lib(/home/alex/newdisk/.ivy2/cache/org.jboss.logging/jboss-logging/jars/jboss-logging-3.2.0.Final.jar), Lib(/home/alex/newdisk/play2/activator-dist-1.3.10/repository/com.fasterxml/classmate/1.0.0/bundles/classmate.jar), Lib(/home/alex/newdisk/.ivy2/cache/org.springframework/spring-context/jars/spring-context-4.0.3.RELEASE.jar), Lib(/home/alex/newdisk/.ivy2/cache/org.springframework/spring-core/jars/spring-core-4.0.3.RELEASE.jar), Lib(/home/alex/newdisk/.ivy2/cache/org.springframework/spring-beans/jars/spring-beans-4.0.3.RELEASE.jar), Lib(/home/alex/newdisk/play2/activator-dist-1.3.10/repository/org.javassist/javassist/3.19.0-GA/bundles/javassist.jar), Lib(/home/alex/newdisk/.ivy2/cache/org.reflections/reflections/jars/reflections-0.9.8.jar), Lib(/home/alex/newdisk/.ivy2/cache/com.google.guava/guava/bundles/guava-16.0.1.jar), Lib(/home/alex/newdisk/.ivy2/cache/dom4j/dom4j/jars/dom4j-1.6.1.jar), Lib(/home/alex/newdisk/play2/activator-dist-1.3.10/repository/com.google.code.findbugs/jsr305/2.0.3/jars/jsr305.jar), Lib(/home/alex/newdisk/.ivy2/cache/org.apache.tomcat/tomcat-servlet-api/jars/tomcat-servlet-api-8.0.5.jar), Lib(/home/alex/newdisk/.ivy2/cache/org.mindrot/jbcrypt/jars/jbcrypt-0.3m.jar), Lib(/home/alex/newdisk/.ivy2/cache/com.typesafe.play.plugins/play-plugins-redis_2.11/jars/play-plugins-redis_2.11-2.3.1.jar), Lib(/home/alex/newdisk/.ivy2/cache/biz.source_code/base64coder/bundles/base64coder-2010-12-19.jar), Lib(/home/alex/newdisk/.ivy2/cache/com.typesafe.play/play-cache_2.11/jars/play-cache_2.11-2.3.10.jar), Lib(/home/alex/newdisk/.ivy2/cache/net.sf.ehcache/ehcache-core/jars/ehcache-core-2.6.8.jar), Lib(/home/alex/newdisk/.ivy2/cache/com.typesafe.play.plugins/play-plugins-util_2.11/jars/play-plugins-util_2.11-2.3.0.jar), Lib(/home/alex/newdisk/.ivy2/cache/org.sedis/sedis_2.11/jars/sedis_2.11-1.2.2.jar), Lib(/home/alex/newdisk/.ivy2/cache/redis.clients/jedis/jars/jedis-2.4.2.jar), Lib(/home/alex/newdisk/.ivy2/cache/org.apache.commons/commons-pool2/jars/commons-pool2-2.0.jar), Lib(/home/alex/newdisk/.ivy2/cache/mysql/mysql-connector-java/jars/mysql-connector-java-5.1.18.jar), Lib(/home/alex/newdisk/.ivy2/cache/com.typesafe.play/play-java-jdbc_2.11/jars/play-java-jdbc_2.11-2.3.10.jar), Lib(/home/alex/newdisk/.ivy2/cache/com.typesafe.play/play-jdbc_2.11/jars/play-jdbc_2.11-2.3.10.jar), Lib(/home/alex/newdisk/.ivy2/cache/com.jolbox/bonecp/bundles/bonecp-0.8.0.RELEASE.jar), Lib(/home/alex/newdisk/play2/activator-dist-1.3.10/repository/com.h2database/h2/1.3.175/jars/h2.jar), Lib(/home/alex/newdisk/.ivy2/cache/tyrex/tyrex/jars/tyrex-1.0.1.jar), Lib(/home/alex/newdisk/.ivy2/cache/com.typesafe.play/play-java-ebean_2.11/jars/play-java-ebean_2.11-2.3.10.jar), Lib(/home/alex/newdisk/.ivy2/cache/org.avaje.ebeanorm/avaje-ebeanorm/jars/avaje-ebeanorm-3.3.4.jar), Lib(/home/alex/newdisk/.ivy2/cache/org.avaje.ebeanorm/avaje-ebeanorm-agent/jars/avaje-ebeanorm-agent-3.2.2.jar), Lib(/home/alex/newdisk/.ivy2/cache/org.hibernate.javax.persistence/hibernate-jpa-2.0-api/jars/hibernate-jpa-2.0-api-1.0.1.Final.jar), Lib(/home/alex/newdisk/.ivy2/cache/com.typesafe.play/play-java-ws_2.11/jars/play-java-ws_2.11-2.3.10.jar), Lib(/home/alex/newdisk/.ivy2/cache/com.typesafe.play/play-ws_2.11/jars/play-ws_2.11-2.3.10.jar), Lib(/home/alex/newdisk/.ivy2/cache/com.ning/async-http-client/jars/async-http-client-1.8.15.jar), Lib(/home/alex/newdisk/.ivy2/cache/oauth.signpost/signpost-core/jars/signpost-core-1.2.1.2.jar), Lib(/home/alex/newdisk/.ivy2/cache/oauth.signpost/signpost-commonshttp4/jars/signpost-commonshttp4-1.2.1.2.jar), Lib(/home/alex/newdisk/.ivy2/cache/com.typesafe.play/filters-helpers_2.11/jars/filters-helpers_2.11-2.3.10.jar), Lib(/home/alex/newdisk/.ivy2/cache/com.typesafe.play/play-test_2.11/jars/play-test_2.11-2.3.10.jar), Lib(/home/alex/newdisk/play2/activator-dist-1.3.10/repository/junit/junit/4.11/jars/junit.jar), Lib(/home/alex/newdisk/.ivy2/cache/org.hamcrest/hamcrest-core/jars/hamcrest-core-1.3.jar), Lib(/home/alex/newdisk/play2/activator-dist-1.3.10/repository/org.specs2/specs2-core_2.11/2.3.12/jars/specs2-core_2.11.jar), Lib(/home/alex/newdisk/play2/activator-dist-1.3.10/repository/org.specs2/specs2-matcher_2.11/2.3.12/jars/specs2-matcher_2.11.jar), Lib(/home/alex/newdisk/play2/activator-dist-1.3.10/repository/org.specs2/specs2-common_2.11/2.3.12/jars/specs2-common_2.11.jar), Lib(/home/alex/newdisk/play2/activator-dist-1.3.10/repository/org.scalaz/scalaz-core_2.11/7.0.6/bundles/scalaz-core_2.11.jar), Lib(/home/alex/newdisk/play2/activator-dist-1.3.10/repository/org.scalaz/scalaz-concurrent_2.11/7.0.6/bundles/scalaz-concurrent_2.11.jar), Lib(/home/alex/newdisk/play2/activator-dist-1.3.10/repository/org.scalaz/scalaz-effect_2.11/7.0.6/bundles/scalaz-effect_2.11.jar), Lib(/home/alex/newdisk/play2/activator-dist-1.3.10/repository/org.specs2/specs2-junit_2.11/2.3.12/jars/specs2-junit_2.11.jar), Lib(/home/alex/newdisk/play2/activator-dist-1.3.10/repository/org.specs2/specs2-mock_2.11/2.3.12/jars/specs2-mock_2.11.jar), Lib(/home/alex/newdisk/play2/activator-dist-1.3.10/repository/org.mockito/mockito-core/1.9.5/jars/mockito-core.jar), Lib(/home/alex/newdisk/play2/activator-dist-1.3.10/repository/org.objenesis/objenesis/1.0/jars/objenesis.jar), Lib(/home/alex/newdisk/play2/activator-dist-1.3.10/repository/org.specs2/specs2-matcher-extra_2.11/2.3.12/jars/specs2-matcher-extra_2.11.jar), Lib(/home/alex/newdisk/play2/activator-dist-1.3.10/repository/org.specs2/specs2-analysis_2.11/2.3.12/jars/specs2-analysis_2.11.jar), Lib(/home/alex/newdisk/.ivy2/cache/org.scala-lang/scala-compiler/jars/scala-compiler-2.11.0.jar), Lib(/home/alex/newdisk/play2/activator-dist-1.3.10/repository/org.specs2/classycle/1.4.3/jars/classycle.jar), Lib(/home/alex/newdisk/.ivy2/cache/com.novocode/junit-interface/jars/junit-interface-0.11-RC1.jar), Lib(/home/alex/newdisk/.ivy2/cache/org.scala-sbt/test-interface/jars/test-interface-1.0.jar), Lib(/home/alex/newdisk/play2/activator-dist-1.3.10/repository/org.fluentlenium/fluentlenium-festassert/0.9.2/jars/fluentlenium-festassert.jar), Lib(/home/alex/newdisk/play2/activator-dist-1.3.10/repository/org.fluentlenium/fluentlenium-core/0.9.2/jars/fluentlenium-core.jar), Lib(/home/alex/newdisk/play2/activator-dist-1.3.10/repository/org.seleniumhq.selenium/selenium-java/2.39.0/jars/selenium-java.jar), Lib(/home/alex/newdisk/play2/activator-dist-1.3.10/repository/org.seleniumhq.selenium/selenium-android-driver/2.39.0/jars/selenium-android-driver.jar), Lib(/home/alex/newdisk/play2/activator-dist-1.3.10/repository/org.seleniumhq.selenium/selenium-remote-driver/2.39.0/jars/selenium-remote-driver.jar), Lib(/home/alex/newdisk/.ivy2/cache/cglib/cglib-nodep/jars/cglib-nodep-2.1_3.jar), Lib(/home/alex/newdisk/play2/activator-dist-1.3.10/repository/org.json/json/20080701/jars/json.jar), Lib(/home/alex/newdisk/play2/activator-dist-1.3.10/repository/org.seleniumhq.selenium/selenium-api/2.39.0/jars/selenium-api.jar), Lib(/home/alex/newdisk/play2/activator-dist-1.3.10/repository/org.apache.httpcomponents/httpclient/4.3.1/jars/httpclient.jar), Lib(/home/alex/newdisk/play2/activator-dist-1.3.10/repository/org.apache.httpcomponents/httpcore/4.3/jars/httpcore.jar), Lib(/home/alex/newdisk/play2/activator-dist-1.3.10/repository/commons-logging/commons-logging/1.1.3/jars/commons-logging.jar), Lib(/home/alex/newdisk/play2/activator-dist-1.3.10/repository/org.apache.commons/commons-exec/1.1/jars/commons-exec.jar), Lib(/home/alex/newdisk/play2/activator-dist-1.3.10/repository/net.java.dev.jna/jna/3.4.0/jars/jna.jar), Lib(/home/alex/newdisk/play2/activator-dist-1.3.10/repository/net.java.dev.jna/platform/3.4.0/jars/platform.jar), Lib(/home/alex/newdisk/play2/activator-dist-1.3.10/repository/org.seleniumhq.selenium/selenium-chrome-driver/2.39.0/jars/selenium-chrome-driver.jar), Lib(/home/alex/newdisk/play2/activator-dist-1.3.10/repository/org.seleniumhq.selenium/selenium-htmlunit-driver/2.39.0/jars/selenium-htmlunit-driver.jar), Lib(/home/alex/newdisk/play2/activator-dist-1.3.10/repository/net.sourceforge.htmlunit/htmlunit/2.13/jars/htmlunit.jar), Lib(/home/alex/newdisk/play2/activator-dist-1.3.10/repository/xalan/xalan/2.7.1/jars/xalan.jar), Lib(/home/alex/newdisk/play2/activator-dist-1.3.10/repository/xalan/serializer/2.7.1/jars/serializer.jar), Lib(/home/alex/newdisk/play2/activator-dist-1.3.10/repository/commons-collections/commons-collections/3.2.1/jars/commons-collections.jar), Lib(/home/alex/newdisk/play2/activator-dist-1.3.10/repository/org.apache.httpcomponents/httpmime/4.3.1/jars/httpmime.jar), Lib(/home/alex/newdisk/play2/activator-dist-1.3.10/repository/net.sourceforge.htmlunit/htmlunit-core-js/2.13/jars/htmlunit-core-js.jar), Lib(/home/alex/newdisk/play2/activator-dist-1.3.10/repository/net.sourceforge.nekohtml/nekohtml/1.9.19/jars/nekohtml.jar), Lib(/home/alex/newdisk/play2/activator-dist-1.3.10/repository/net.sourceforge.cssparser/cssparser/0.9.11/jars/cssparser.jar), Lib(/home/alex/newdisk/.ivy2/cache/org.w3c.css/sac/jars/sac-1.3.jar), Lib(/home/alex/newdisk/.ivy2/cache/commons-io/commons-io/jars/commons-io-2.4.jar), Lib(/home/alex/newdisk/play2/activator-dist-1.3.10/repository/org.eclipse.jetty/jetty-websocket/8.1.12.v20130726/jars/jetty-websocket.jar), Lib(/home/alex/newdisk/play2/activator-dist-1.3.10/repository/org.eclipse.jetty/jetty-util/8.1.12.v20130726/jars/jetty-util.jar), Lib(/home/alex/newdisk/play2/activator-dist-1.3.10/repository/org.eclipse.jetty/jetty-io/8.1.12.v20130726/jars/jetty-io.jar), Lib(/home/alex/newdisk/play2/activator-dist-1.3.10/repository/org.eclipse.jetty/jetty-http/8.1.12.v20130726/jars/jetty-http.jar), Lib(/home/alex/newdisk/play2/activator-dist-1.3.10/repository/org.seleniumhq.selenium/selenium-firefox-driver/2.39.0/jars/selenium-firefox-driver.jar), Lib(/home/alex/newdisk/play2/activator-dist-1.3.10/repository/org.seleniumhq.selenium/selenium-ie-driver/2.39.0/jars/selenium-ie-driver.jar), Lib(/home/alex/newdisk/play2/activator-dist-1.3.10/repository/org.seleniumhq.selenium/selenium-iphone-driver/2.39.0/jars/selenium-iphone-driver.jar), Lib(/home/alex/newdisk/play2/activator-dist-1.3.10/repository/org.seleniumhq.selenium/selenium-safari-driver/2.39.0/jars/selenium-safari-driver.jar), Lib(/home/alex/newdisk/.ivy2/cache/org.webbitserver/webbit/jars/webbit-0.4.14.jar), Lib(/home/alex/newdisk/play2/activator-dist-1.3.10/repository/org.seleniumhq.selenium/selenium-support/2.39.0/jars/selenium-support.jar), Lib(/home/alex/newdisk/play2/activator-dist-1.3.10/repository/org.easytesting/fest-assert/1.4/jars/fest-assert.jar), Lib(/home/alex/newdisk/play2/activator-dist-1.3.10/repository/org.easytesting/fest-util/1.1.6/jars/fest-util.jar)))
Project dependencies for configuration 'compile': Success(List())
Project dependencies for configuration 'test': Success(List())
Running task... Cancel: sbt.TaskCancellationStrategy$Null$@127c69f, check cycles: false

Initial source changes: 
	removed:Set()
	added: Set()
	modified: Set()
Removed products: Set()
External API changes: API Changes: Set()
Modified binary dependencies: Set()
Initial directly invalidated sources: Set()

Sources indirectly invalidated by:
	product: Set()
	binary dep: Set()
	external source: Set()
All initially invalidated sources: Set()

Successfully created Eclipse project files for project(s):
play-java-2.3
> server-post-command-cleanup
> server-handle-next-server-request
> backgroundRun
Evaluating tasks: compile:backgroundRun
Running task... Cancel: sbt.server.ServerTaskCancellation@19d7c2e, check cycles: false
Total time: 0 s, completed Sep 14, 2016 5:14:35 PM
> server-post-command-cleanup
> server-handle-next-server-request
> {file:/home/alex/newdisk/play-java-2.3/}root/*:playForkConfig
Evaluating tasks: *:playForkConfig
Running task... Cancel: sbt.server.ServerTaskCancellation@fa7f40, check cycles: false
Total time: 0 s, completed Sep 14, 2016 5:14:37 PM
> server-post-command-cleanup
> server-handle-next-server-request
> root/playForkNotifyStart http://localhost:9000
Evaluating tasks: *:playForkNotifyStart
Running task... Cancel: sbt.server.ServerTaskCancellation@e79381, check cycles: false
Total time: 0 s, completed Sep 14, 2016 5:14:38 PM
> server-post-command-cleanup
> server-handle-next-server-request
> {file:/home/alex/newdisk/play-java-2.3/}root/*:playForkReload
Evaluating tasks: *:playForkReload
Running task... Cancel: sbt.server.ServerTaskCancellation@df25c6, check cycles: false

Initial source changes: 
	removed:Set()
	added: Set()
	modified: Set()
Removed products: Set()
External API changes: API Changes: Set()
Modified binary dependencies: Set()
Initial directly invalidated sources: Set()

Sources indirectly invalidated by:
	product: Set()
	binary dep: Set()
	external source: Set()
All initially invalidated sources: Set()

Copy resource mappings: 
	(/home/alex/newdisk/play-java-2.3/conf/play.plugins,/home/alex/newdisk/play-java-2.3/target/scala-2.11/classes/play.plugins)
	(/home/alex/newdisk/play-java-2.3/conf/routes,/home/alex/newdisk/play-java-2.3/target/scala-2.11/classes/routes)
	(/home/alex/newdisk/play-java-2.3/conf/evolutions,/home/alex/newdisk/play-java-2.3/target/scala-2.11/classes/evolutions)
	(/home/alex/newdisk/play-java-2.3/conf/application.conf,/home/alex/newdisk/play-java-2.3/target/scala-2.11/classes/application.conf)
	(/home/alex/newdisk/play-java-2.3/conf/evolutions/default,/home/alex/newdisk/play-java-2.3/target/scala-2.11/classes/evolutions/default)
	(/home/alex/newdisk/play-java-2.3/conf/evolutions/default/1.sql,/home/alex/newdisk/play-java-2.3/target/scala-2.11/classes/evolutions/default/1.sql)
Total time: 1 s, completed Sep 14, 2016 5:14:40 PM
> server-post-command-cleanup
> server-handle-next-server-request
